# JRE version: OpenJDK Runtime Environment Corretto-17.0.6.10.1 (17.0.6+10) (build 17.0.6+10-LTS)
# Java VM: OpenJDK 64-Bit Server VM Corretto-17.0.6.10.1 (17.0.6+10-LTS, mixed mode, sharing, tiered, compressed oops, compressed class ptrs, g1 gc, windows-amd64)
GC Precious Log:
 CPUs: 4 total, 4 available
 Memory: 16220M
 Large Page Support: Disabled
 NUMA Support: Disabled
 Compressed Oops: Enabled (Zero based)
 Heap Region Size: 2M
 Heap Min Capacity: 8M
 Heap Initial Capacity: 254M
 Heap Max Capacity: 4056M
 Pre-touch: Disabled
 Parallel Workers: 4
 Concurrent Workers: 1
 Concurrent Refinement Workers: 4
 Periodic GC: Disabled
Heap:
 garbage-first heap   total 75776K, used 35850K [0x0000000702800000, 0x0000000800000000)
  region size 2048K, 5 young (10240K), 1 survivors (2048K)
 Metaspace       used 72366K, committed 72768K, reserved 1114112K
  class space    used 8884K, committed 9088K, reserved 1048576K
GC Heap History (20 events):
Event: 16172.988 GC heap before
{Heap before GC invocations=212 (full 0):
 garbage-first heap   total 75776K, used 37840K [0x0000000702800000, 0x0000000800000000)
  region size 2048K, 3 young (6144K), 2 survivors (4096K)
 Metaspace       used 72354K, committed 72768K, reserved 1114112K
  class space    used 8883K, committed 9088K, reserved 1048576K
}
Event: 16172.992 GC heap after
{Heap after GC invocations=213 (full 0):
 garbage-first heap   total 75776K, used 32113K [0x0000000702800000, 0x0000000800000000)
  region size 2048K, 1 young (2048K), 1 survivors (2048K)
 Metaspace       used 72354K, committed 72768K, reserved 1114112K
  class space    used 8883K, committed 9088K, reserved 1048576K
}
Event: 16316.184 GC heap before
{Heap before GC invocations=213 (full 0):
 garbage-first heap   total 75776K, used 58737K [0x0000000702800000, 0x0000000800000000)
  region size 2048K, 14 young (28672K), 1 survivors (2048K)
 Metaspace       used 72354K, committed 72768K, reserved 1114112K
  class space    used 8883K, committed 9088K, reserved 1048576K
}
Event: 16316.187 GC heap after
{Heap after GC invocations=214 (full 0):
 garbage-first heap   total 75776K, used 33488K [0x0000000702800000, 0x0000000800000000)
  region size 2048K, 2 young (4096K), 2 survivors (4096K)
 Metaspace       used 72354K, committed 72768K, reserved 1114112K
  class space    used 8883K, committed 9088K, reserved 1048576K
}
Event: 16458.614 GC heap before
{Heap before GC invocations=215 (full 0):
 garbage-first heap   total 75776K, used 56016K [0x0000000702800000, 0x0000000800000000)
  region size 2048K, 14 young (28672K), 2 survivors (4096K)
 Metaspace       used 72354K, committed 72768K, reserved 1114112K
  class space    used 8883K, committed 9088K, reserved 1048576K
}
Event: 16458.618 GC heap after
{Heap after GC invocations=216 (full 0):
 garbage-first heap   total 75776K, used 34312K [0x0000000702800000, 0x0000000800000000)
  region size 2048K, 2 young (4096K), 2 survivors (4096K)
 Metaspace       used 72354K, committed 72768K, reserved 1114112K
  class space    used 8883K, committed 9088K, reserved 1048576K
}
Event: 16459.139 GC heap before
{Heap before GC invocations=216 (full 0):
 garbage-first heap   total 75776K, used 36360K [0x0000000702800000, 0x0000000800000000)
  region size 2048K, 3 young (6144K), 2 survivors (4096K)
 Metaspace       used 72354K, committed 72768K, reserved 1114112K
  class space    used 8883K, committed 9088K, reserved 1048576K
}
Event: 16459.142 GC heap after
{Heap after GC invocations=217 (full 0):
 garbage-first heap   total 75776K, used 32123K [0x0000000702800000, 0x0000000800000000)
  region size 2048K, 1 young (2048K), 1 survivors (2048K)
 Metaspace       used 72354K, committed 72768K, reserved 1114112K
  class space    used 8883K, committed 9088K, reserved 1048576K
}
Event: 16608.709 GC heap before
{Heap before GC invocations=217 (full 0):
 garbage-first heap   total 75776K, used 58747K [0x0000000702800000, 0x0000000800000000)
  region size 2048K, 14 young (28672K), 1 survivors (2048K)
 Metaspace       used 72357K, committed 72768K, reserved 1114112K
  class space    used 8883K, committed 9088K, reserved 1048576K
}
Event: 16608.711 GC heap after
{Heap after GC invocations=218 (full 0):
 garbage-first heap   total 75776K, used 33644K [0x0000000702800000, 0x0000000800000000)
  region size 2048K, 2 young (4096K), 2 survivors (4096K)
 Metaspace       used 72357K, committed 72768K, reserved 1114112K
  class space    used 8883K, committed 9088K, reserved 1048576K
}
Event: 16744.135 GC heap before
{Heap before GC invocations=219 (full 0):
 garbage-first heap   total 75776K, used 58220K [0x0000000702800000, 0x0000000800000000)
  region size 2048K, 14 young (28672K), 2 survivors (4096K)
 Metaspace       used 72361K, committed 72768K, reserved 1114112K
  class space    used 8883K, committed 9088K, reserved 1048576K
}
Event: 16744.137 GC heap after
{Heap after GC invocations=220 (full 0):
 garbage-first heap   total 75776K, used 34437K [0x0000000702800000, 0x0000000800000000)
  region size 2048K, 2 young (4096K), 2 survivors (4096K)
 Metaspace       used 72361K, committed 72768K, reserved 1114112K
  class space    used 8883K, committed 9088K, reserved 1048576K
}
Event: 16764.941 GC heap before
{Heap before GC invocations=220 (full 0):
 garbage-first heap   total 75776K, used 36485K [0x0000000702800000, 0x0000000800000000)
  region size 2048K, 3 young (6144K), 2 survivors (4096K)
 Metaspace       used 72361K, committed 72768K, reserved 1114112K
  class space    used 8883K, committed 9088K, reserved 1048576K
}
Event: 16764.945 GC heap after
{Heap after GC invocations=221 (full 0):
 garbage-first heap   total 75776K, used 31190K [0x0000000702800000, 0x0000000800000000)
  region size 2048K, 1 young (2048K), 1 survivors (2048K)
 Metaspace       used 72361K, committed 72768K, reserved 1114112K
  class space    used 8883K, committed 9088K, reserved 1048576K
}
Event: 16924.326 GC heap before
{Heap before GC invocations=221 (full 0):
 garbage-first heap   total 75776K, used 57814K [0x0000000702800000, 0x0000000800000000)
  region size 2048K, 14 young (28672K), 1 survivors (2048K)
 Metaspace       used 72366K, committed 72768K, reserved 1114112K
  class space    used 8884K, committed 9088K, reserved 1048576K
}
Event: 16924.328 GC heap after
{Heap after GC invocations=222 (full 0):
 garbage-first heap   total 75776K, used 32621K [0x0000000702800000, 0x0000000800000000)
  region size 2048K, 1 young (2048K), 1 survivors (2048K)
 Metaspace       used 72366K, committed 72768K, reserved 1114112K
  class space    used 8884K, committed 9088K, reserved 1048576K
}
Event: 17082.564 GC heap before
{Heap before GC invocations=223 (full 0):
 garbage-first heap   total 75776K, used 59245K [0x0000000702800000, 0x0000000800000000)
  region size 2048K, 14 young (28672K), 1 survivors (2048K)
 Metaspace       used 72366K, committed 72768K, reserved 1114112K
  class space    used 8884K, committed 9088K, reserved 1048576K
}
Event: 17082.567 GC heap after
{Heap after GC invocations=224 (full 0):
 garbage-first heap   total 75776K, used 33616K [0x0000000702800000, 0x0000000800000000)
  region size 2048K, 2 young (4096K), 2 survivors (4096K)
 Metaspace       used 72366K, committed 72768K, reserved 1114112K
  class space    used 8884K, committed 9088K, reserved 1048576K
}
Event: 17094.323 GC heap before
{Heap before GC invocations=224 (full 0):
 garbage-first heap   total 75776K, used 35664K [0x0000000702800000, 0x0000000800000000)
  region size 2048K, 3 young (6144K), 2 survivors (4096K)
 Metaspace       used 72366K, committed 72768K, reserved 1114112K
  class space    used 8884K, committed 9088K, reserved 1048576K
}
Event: 17094.326 GC heap after
{Heap after GC invocations=225 (full 0):
 garbage-first heap   total 75776K, used 31754K [0x0000000702800000, 0x0000000800000000)
  region size 2048K, 1 young (2048K), 1 survivors (2048K)
 Metaspace       used 72366K, committed 72768K, reserved 1114112K
  class space    used 8884K, committed 9088K, reserved 1048576K
}

