# JRE version: OpenJDK Runtime Environment Corretto-17.0.6.10.1 (17.0.6+10) (build 17.0.6+10-LTS)
# Java VM: OpenJDK 64-Bit Server VM Corretto-17.0.6.10.1 (17.0.6+10-LTS, mixed mode, sharing, tiered, compressed oops, compressed class ptrs, g1 gc, windows-amd64)
GC Precious Log:
 CPUs: 4 total, 4 available
 Memory: 16220M
 Large Page Support: Disabled
 NUMA Support: Disabled
 Compressed Oops: Enabled (Zero based)
 Heap Region Size: 2M
 Heap Min Capacity: 8M
 Heap Initial Capacity: 254M
 Heap Max Capacity: 4056M
 Pre-touch: Disabled
 Parallel Workers: 4
 Concurrent Workers: 1
 Concurrent Refinement Workers: 4
 Periodic GC: Disabled
Heap:
 garbage-first heap   total 96256K, used 43079K [0x0000000702800000, 0x0000000800000000)
  region size 2048K, 9 young (18432K), 3 survivors (6144K)
 Metaspace       used 63412K, committed 63744K, reserved 1105920K
  class space    used 8364K, committed 8512K, reserved 1048576K
GC Heap History (20 events):
Event: 5.282 GC heap before
{Heap before GC invocations=11 (full 0):
 garbage-first heap   total 49152K, used 34044K [0x0000000702800000, 0x0000000800000000)
  region size 2048K, 9 young (18432K), 2 survivors (4096K)
 Metaspace       used 42612K, committed 42944K, reserved 1089536K
  class space    used 5511K, committed 5696K, reserved 1048576K
}
Event: 5.284 GC heap after
{Heap after GC invocations=12 (full 0):
 garbage-first heap   total 49152K, used 20636K [0x0000000702800000, 0x0000000800000000)
  region size 2048K, 2 young (4096K), 2 survivors (4096K)
 Metaspace       used 42612K, committed 42944K, reserved 1089536K
  class space    used 5511K, committed 5696K, reserved 1048576K
}
Event: 5.616 GC heap before
{Heap before GC invocations=12 (full 0):
 garbage-first heap   total 49152K, used 32924K [0x0000000702800000, 0x0000000800000000)
  region size 2048K, 8 young (16384K), 2 survivors (4096K)
 Metaspace       used 45310K, committed 45696K, reserved 1089536K
  class space    used 5897K, committed 6080K, reserved 1048576K
}
Event: 5.619 GC heap after
{Heap after GC invocations=13 (full 0):
 garbage-first heap   total 49152K, used 21507K [0x0000000702800000, 0x0000000800000000)
  region size 2048K, 1 young (2048K), 1 survivors (2048K)
 Metaspace       used 45310K, committed 45696K, reserved 1089536K
  class space    used 5897K, committed 6080K, reserved 1048576K
}
Event: 5.985 GC heap before
{Heap before GC invocations=13 (full 0):
 garbage-first heap   total 49152K, used 33795K [0x0000000702800000, 0x0000000800000000)
  region size 2048K, 8 young (16384K), 1 survivors (2048K)
 Metaspace       used 49097K, committed 49408K, reserved 1097728K
  class space    used 6461K, committed 6592K, reserved 1048576K
}
Event: 5.990 GC heap after
{Heap after GC invocations=14 (full 0):
 garbage-first heap   total 49152K, used 22471K [0x0000000702800000, 0x0000000800000000)
  region size 2048K, 1 young (2048K), 1 survivors (2048K)
 Metaspace       used 49097K, committed 49408K, reserved 1097728K
  class space    used 6461K, committed 6592K, reserved 1048576K
}
Event: 6.295 GC heap before
{Heap before GC invocations=14 (full 0):
 garbage-first heap   total 49152K, used 34759K [0x0000000702800000, 0x0000000800000000)
  region size 2048K, 7 young (14336K), 1 survivors (2048K)
 Metaspace       used 51638K, committed 51904K, reserved 1097728K
  class space    used 6859K, committed 6976K, reserved 1048576K
}
Event: 6.298 GC heap after
{Heap after GC invocations=15 (full 0):
 garbage-first heap   total 49152K, used 22992K [0x0000000702800000, 0x0000000800000000)
  region size 2048K, 1 young (2048K), 1 survivors (2048K)
 Metaspace       used 51638K, committed 51904K, reserved 1097728K
  class space    used 6859K, committed 6976K, reserved 1048576K
}
Event: 6.623 GC heap before
{Heap before GC invocations=16 (full 0):
 garbage-first heap   total 49152K, used 37328K [0x0000000702800000, 0x0000000800000000)
  region size 2048K, 8 young (16384K), 1 survivors (2048K)
 Metaspace       used 54341K, committed 54656K, reserved 1097728K
  class space    used 7229K, committed 7424K, reserved 1048576K
}
Event: 6.627 GC heap after
{Heap after GC invocations=17 (full 0):
 garbage-first heap   total 49152K, used 24093K [0x0000000702800000, 0x0000000800000000)
  region size 2048K, 1 young (2048K), 1 survivors (2048K)
 Metaspace       used 54341K, committed 54656K, reserved 1097728K
  class space    used 7229K, committed 7424K, reserved 1048576K
}
Event: 6.825 GC heap before
{Heap before GC invocations=17 (full 0):
 garbage-first heap   total 49152K, used 38429K [0x0000000702800000, 0x0000000800000000)
  region size 2048K, 8 young (16384K), 1 survivors (2048K)
 Metaspace       used 55854K, committed 56192K, reserved 1105920K
  class space    used 7437K, committed 7616K, reserved 1048576K
}
Event: 6.828 GC heap after
{Heap after GC invocations=18 (full 0):
 garbage-first heap   total 155648K, used 24958K [0x0000000702800000, 0x0000000800000000)
  region size 2048K, 1 young (2048K), 1 survivors (2048K)
 Metaspace       used 55854K, committed 56192K, reserved 1105920K
  class space    used 7437K, committed 7616K, reserved 1048576K
}
Event: 7.677 GC heap before
{Heap before GC invocations=19 (full 0):
 garbage-first heap   total 96256K, used 80254K [0x0000000702800000, 0x0000000800000000)
  region size 2048K, 28 young (57344K), 1 survivors (2048K)
 Metaspace       used 61484K, committed 61888K, reserved 1105920K
  class space    used 8201K, committed 8384K, reserved 1048576K
}
Event: 7.682 GC heap after
{Heap after GC invocations=20 (full 0):
 garbage-first heap   total 96256K, used 28260K [0x0000000702800000, 0x0000000800000000)
  region size 2048K, 3 young (6144K), 3 survivors (6144K)
 Metaspace       used 61484K, committed 61888K, reserved 1105920K
  class space    used 8201K, committed 8384K, reserved 1048576K
}
Event: 7.713 GC heap before
{Heap before GC invocations=20 (full 0):
 garbage-first heap   total 96256K, used 30308K [0x0000000702800000, 0x0000000800000000)
  region size 2048K, 4 young (8192K), 3 survivors (6144K)
 Metaspace       used 61537K, committed 61888K, reserved 1105920K
  class space    used 8213K, committed 8384K, reserved 1048576K
}
Event: 7.718 GC heap after
{Heap after GC invocations=21 (full 0):
 garbage-first heap   total 96256K, used 28539K [0x0000000702800000, 0x0000000800000000)
  region size 2048K, 1 young (2048K), 1 survivors (2048K)
 Metaspace       used 61537K, committed 61888K, reserved 1105920K
  class space    used 8213K, committed 8384K, reserved 1048576K
}
Event: 149.076 GC heap before
{Heap before GC invocations=21 (full 0):
 garbage-first heap   total 96256K, used 73595K [0x0000000702800000, 0x0000000800000000)
  region size 2048K, 23 young (47104K), 1 survivors (2048K)
 Metaspace       used 63054K, committed 63424K, reserved 1105920K
  class space    used 8364K, committed 8512K, reserved 1048576K
}
Event: 149.081 GC heap after
{Heap after GC invocations=22 (full 0):
 garbage-first heap   total 96256K, used 31029K [0x0000000702800000, 0x0000000800000000)
  region size 2048K, 2 young (4096K), 2 survivors (4096K)
 Metaspace       used 63054K, committed 63424K, reserved 1105920K
  class space    used 8364K, committed 8512K, reserved 1048576K
}
Event: 365.096 GC heap before
{Heap before GC invocations=22 (full 0):
 garbage-first heap   total 96256K, used 74037K [0x0000000702800000, 0x0000000800000000)
  region size 2048K, 23 young (47104K), 2 survivors (4096K)
 Metaspace       used 63276K, committed 63616K, reserved 1105920K
  class space    used 8364K, committed 8512K, reserved 1048576K
}
Event: 365.102 GC heap after
{Heap after GC invocations=23 (full 0):
 garbage-first heap   total 96256K, used 32839K [0x0000000702800000, 0x0000000800000000)
  region size 2048K, 3 young (6144K), 3 survivors (6144K)
 Metaspace       used 63276K, committed 63616K, reserved 1105920K
  class space    used 8364K, committed 8512K, reserved 1048576K
}

